<?xml version="1.0" encoding="UTF-8"?>
<!-- Generated by org.testng.reporters.JUnitReportReporter -->
<testsuite hostname="DESKTOP-A97C1A1" failures="0" tests="1" name="Test_Classes.Post_Retry" time="3.335" errors="0" timestamp="2023-07-03T12:58:12 IST" skipped="0">
  <testcase classname="Test_Classes.Post_Retry" name="Extractor" time="3.335"/>
  <system-out/>
</testsuite> <!-- Test_Classes.Post_Retry -->
