<?xml version="1.0" encoding="UTF-8"?>
<!-- Generated by org.testng.reporters.JUnitReportReporter -->
<testsuite hostname="DESKTOP-A97C1A1" failures="0" tests="1" name="Test_Classes.Post_RetryMethod_Wrong" time="5.911" errors="0" timestamp="2023-07-03T11:36:06 IST" skipped="0">
  <testcase classname="Test_Classes.Post_RetryMethod_Wrong" name="Extractor" time="5.911"/>
  <system-out/>
</testsuite> <!-- Test_Classes.Post_RetryMethod_Wrong -->
